<?xml version="1.0" encoding="UTF-8"?>
<!-- Generated by org.testng.reporters.JUnitReportReporter -->
<testsuite hostname="Subha" failures="0" tests="2" name="mercurytours.Registrationsteps" time="7.696" errors="0" timestamp="2023-03-09T13:55:12 EST" skipped="0">
  <testcase classname="mercurytours.Registrationsteps" name="ValidData" time="4.032"/>
  <system-out/>
  <testcase classname="mercurytours.Registrationsteps" name="ValidData" time="3.664"/>
  <system-out/>
</testsuite> <!-- mercurytours.Registrationsteps -->
