<?xml version="1.0" encoding="UTF-8"?>
<!-- Generated by org.testng.reporters.JUnitReportReporter -->
<testsuite hostname="Subha" failures="0" tests="1" name="mercurytours.LoginSteps" time="1.100" errors="0" timestamp="2023-03-10T14:17:56 EST" skipped="0">
  <testcase classname="mercurytours.LoginSteps" name="LoginSteps" time="1.100"/>
  <system-out/>
</testsuite> <!-- mercurytours.LoginSteps -->
